<?xml version="1.0" encoding="UTF-8"?>
<testng-results ignored="0" total="4" passed="4" failed="0" skipped="0">
  <reporter-output>
  </reporter-output>
  <suite started-at="2022-03-13T18:32:45 EDT" name="Suite" finished-at="2022-03-13T18:33:42 EDT" duration-ms="56595">
    <groups>
    </groups>
    <test started-at="2022-03-13T18:32:45 EDT" name="Validatetion" finished-at="2022-03-13T18:33:11 EDT" duration-ms="25346">
      <class name="Academy.E2EProject.ValidateTitle">
        <test-method is-config="true" signature="launch()[pri:0, instance:Academy.E2EProject.ValidateTitle@177bea38]" started-at="2022-03-13T18:32:45 EDT" name="launch" finished-at="2022-03-13T18:33:10 EDT" duration-ms="24496" status="PASS">
          <reporter-output>
          </reporter-output>
        </test-method> <!-- launch -->
        <test-method signature="Validate()[pri:0, instance:Academy.E2EProject.ValidateTitle@177bea38]" started-at="2022-03-13T18:33:10 EDT" name="Validate" finished-at="2022-03-13T18:33:10 EDT" duration-ms="412" status="PASS">
          <reporter-output>
          </reporter-output>
        </test-method> <!-- Validate -->
        <test-method is-config="true" signature="close()[pri:0, instance:Academy.E2EProject.ValidateTitle@177bea38]" started-at="2022-03-13T18:33:10 EDT" name="close" finished-at="2022-03-13T18:33:11 EDT" duration-ms="424" status="PASS">
          <reporter-output>
          </reporter-output>
        </test-method> <!-- close -->
      </class> <!-- Academy.E2EProject.ValidateTitle -->
    </test> <!-- Validatetion -->
    <test started-at="2022-03-13T18:32:45 EDT" name="Navigation" finished-at="2022-03-13T18:33:14 EDT" duration-ms="28934">
      <class name="Academy.E2EProject.NavigationBar">
        <test-method is-config="true" signature="launch()[pri:0, instance:Academy.E2EProject.NavigationBar@7bd4937b]" started-at="2022-03-13T18:32:45 EDT" name="launch" finished-at="2022-03-13T18:33:13 EDT" duration-ms="27936" status="PASS">
          <reporter-output>
          </reporter-output>
        </test-method> <!-- launch -->
        <test-method signature="Validate()[pri:0, instance:Academy.E2EProject.NavigationBar@7bd4937b]" started-at="2022-03-13T18:33:13 EDT" name="Validate" finished-at="2022-03-13T18:33:14 EDT" duration-ms="355" status="PASS">
          <reporter-output>
          </reporter-output>
        </test-method> <!-- Validate -->
        <test-method is-config="true" signature="close()[pri:0, instance:Academy.E2EProject.NavigationBar@7bd4937b]" started-at="2022-03-13T18:33:14 EDT" name="close" finished-at="2022-03-13T18:33:14 EDT" duration-ms="633" status="PASS">
          <reporter-output>
          </reporter-output>
        </test-method> <!-- close -->
      </class> <!-- Academy.E2EProject.NavigationBar -->
    </test> <!-- Navigation -->
    <test started-at="2022-03-13T18:32:45 EDT" name="Homepage" finished-at="2022-03-13T18:33:42 EDT" duration-ms="56594">
      <class name="Academy.E2EProject.Home">
        <test-method is-config="true" signature="launch()[pri:0, instance:Academy.E2EProject.Home@4659191b]" started-at="2022-03-13T18:32:45 EDT" name="launch" finished-at="2022-03-13T18:32:50 EDT" duration-ms="4762" status="PASS">
          <reporter-output>
          </reporter-output>
        </test-method> <!-- launch -->
        <test-method signature="HomePageNavi(java.lang.String,java.lang.String)[pri:0, instance:Academy.E2EProject.Home@4659191b]" started-at="2022-03-13T18:32:50 EDT" name="HomePageNavi" data-provider="getData" finished-at="2022-03-13T18:33:16 EDT" duration-ms="26154" status="PASS">
          <params>
            <param index="0">
              <value>
                <![CDATA[hello]]>
              </value>
            </param>
            <param index="1">
              <value>
                <![CDATA[hel]]>
              </value>
            </param>
          </params>
          <reporter-output>
          </reporter-output>
        </test-method> <!-- HomePageNavi -->
        <test-method signature="HomePageNavi(java.lang.String,java.lang.String)[pri:0, instance:Academy.E2EProject.Home@4659191b]" started-at="2022-03-13T18:33:16 EDT" name="HomePageNavi" data-provider="getData" finished-at="2022-03-13T18:33:42 EDT" duration-ms="25404" status="PASS">
          <params>
            <param index="0">
              <value>
                <![CDATA[hedckl]]>
              </value>
            </param>
            <param index="1">
              <value>
                <![CDATA[heejl]]>
              </value>
            </param>
          </params>
          <reporter-output>
          </reporter-output>
        </test-method> <!-- HomePageNavi -->
        <test-method is-config="true" signature="close()[pri:0, instance:Academy.E2EProject.Home@4659191b]" started-at="2022-03-13T18:33:42 EDT" name="close" finished-at="2022-03-13T18:33:42 EDT" duration-ms="167" status="PASS">
          <reporter-output>
          </reporter-output>
        </test-method> <!-- close -->
      </class> <!-- Academy.E2EProject.Home -->
    </test> <!-- Homepage -->
  </suite> <!-- Suite -->
</testng-results>
