<?xml version="1.0" encoding="UTF-8"?>
<testng-results ignored="0" total="0" passed="0" failed="0" skipped="0">
  <reporter-output>
  </reporter-output>
  <suite started-at="2022-03-22T18:29:44 EDT" name="Suite" finished-at="2022-03-22T18:29:44 EDT" duration-ms="319">
    <groups>
      <group name="cucumber">
        <method signature="AbstractTestNGCucumberTests.runScenario(io.cucumber.testng.PickleWrapper,io.cucumber.testng.FeatureWrapper)[pri:0, instance:TestRunner.TestRunnerClass@298a5e20]" name="runScenario" class="io.cucumber.testng.AbstractTestNGCucumberTests"/>
      </group> <!-- cucumber -->
    </groups>
    <test started-at="2022-03-22T18:29:44 EDT" name="Navigation" finished-at="2022-03-22T18:29:44 EDT" duration-ms="319">
      <class name="TestRunner.TestRunnerClass">
        <test-method is-config="true" signature="setUpClass(org.testng.ITestContext)[pri:0, instance:TestRunner.TestRunnerClass@298a5e20]" started-at="2022-03-22T18:29:44 EDT" name="setUpClass" finished-at="2022-03-22T18:29:44 EDT" duration-ms="264" status="PASS">
          <params>
            <param index="0">
              <value>
                <![CDATA[org.testng.TestRunner@146587a2]]>
              </value>
            </param>
          </params>
          <reporter-output>
          </reporter-output>
        </test-method> <!-- setUpClass -->
        <test-method is-config="true" signature="tearDownClass()[pri:0, instance:TestRunner.TestRunnerClass@298a5e20]" started-at="2022-03-22T18:29:44 EDT" name="tearDownClass" finished-at="2022-03-22T18:29:44 EDT" duration-ms="11" status="PASS">
          <reporter-output>
          </reporter-output>
        </test-method> <!-- tearDownClass -->
      </class> <!-- TestRunner.TestRunnerClass -->
    </test> <!-- Navigation -->
  </suite> <!-- Suite -->
</testng-results>
